This file contains any messages produced by compilers while
running configure, to aid debugging if configure makes a mistake.

It was created by libjaylink configure 0.2.0, which was
generated by GNU Autoconf 2.69.  Invocation command line was

  $ /home/dposterick/Downloads/riscv-openocd-wch/src/jtag/drivers/libjaylink/configure --enable-subproject-build --disable-option-checking --prefix=/usr/local --disable-werror --enable-wlink --cache-file=/dev/null --srcdir=.

## --------- ##
## Platform. ##
## --------- ##

hostname = Battle-Station
uname -m = x86_64
uname -r = 5.15.48-1-MANJARO
uname -s = Linux
uname -v = #1 SMP PREEMPT Thu Jun 16 12:33:56 UTC 2022

/usr/bin/uname -p = unknown
/bin/uname -X     = unknown

/bin/arch              = unknown
/usr/bin/arch -k       = unknown
/usr/convex/getsysinfo = unknown
/usr/bin/hostinfo      = unknown
/bin/machine           = unknown
/usr/bin/oslevel       = unknown
/bin/universe          = unknown

PATH: /opt/riscv/bin
PATH: /home/dposterick/.local/bin
PATH: /usr/local/sbin
PATH: /usr/local/bin
PATH: /usr/bin
PATH: /var/lib/flatpak/exports/bin
PATH: /usr/lib/jvm/default/bin
PATH: /usr/bin/site_perl
PATH: /usr/bin/vendor_perl
PATH: /usr/bin/core_perl
PATH: /var/lib/snapd/snap/bin


## ----------- ##
## Core tests. ##
## ----------- ##

configure:2210: checking build system type
configure:2224: result: x86_64-pc-linux-gnu
configure:2244: checking host system type
configure:2257: result: x86_64-pc-linux-gnu
configure:2294: checking for a BSD-compatible install
configure:2362: result: /usr/bin/install -c
configure:2373: checking whether build environment is sane
configure:2428: result: yes
configure:2579: checking for a thread-safe mkdir -p
configure:2618: result: /usr/bin/mkdir -p
configure:2625: checking for gawk
configure:2641: found /usr/bin/gawk
configure:2652: result: gawk
configure:2663: checking whether make sets $(MAKE)
configure:2685: result: yes
configure:2714: checking whether make supports nested variables
configure:2731: result: yes
configure:2911: checking for gcc
configure:2927: found /usr/bin/gcc
configure:2938: result: gcc
configure:3167: checking for C compiler version
configure:3176: gcc --version >&5
gcc (GCC) 12.1.0
Copyright (C) 2022 Free Software Foundation, Inc.
This is free software; see the source for copying conditions.  There is NO
warranty; not even for MERCHANTABILITY or FITNESS FOR A PARTICULAR PURPOSE.

configure:3187: $? = 0
configure:3176: gcc -v >&5
Using built-in specs.
COLLECT_GCC=gcc
COLLECT_LTO_WRAPPER=/usr/lib/gcc/x86_64-pc-linux-gnu/12.1.0/lto-wrapper
Target: x86_64-pc-linux-gnu
Configured with: /build/gcc/src/gcc/configure --enable-languages=c,c++,ada,fortran,go,lto,objc,obj-c++ --enable-bootstrap --prefix=/usr --libdir=/usr/lib --libexecdir=/usr/lib --mandir=/usr/share/man --infodir=/usr/share/info --with-bugurl=https://bugs.archlinux.org/ --with-linker-hash-style=gnu --with-system-zlib --enable-__cxa_atexit --enable-cet=auto --enable-checking=release --enable-clocale=gnu --enable-default-pie --enable-default-ssp --enable-gnu-indirect-function --enable-gnu-unique-object --enable-linker-build-id --enable-lto --enable-multilib --enable-plugin --enable-shared --enable-threads=posix --disable-libssp --disable-libstdcxx-pch --disable-werror --with-build-config=bootstrap-lto --enable-link-serialization=1
Thread model: posix
Supported LTO compression algorithms: zlib zstd
gcc version 12.1.0 (GCC) 
configure:3187: $? = 0
configure:3176: gcc -V >&5
gcc: error: unrecognized command-line option '-V'
gcc: fatal error: no input files
compilation terminated.
configure:3187: $? = 1
configure:3176: gcc -qversion >&5
gcc: error: unrecognized command-line option '-qversion'; did you mean '--version'?
gcc: fatal error: no input files
compilation terminated.
configure:3187: $? = 1
configure:3207: checking whether the C compiler works
configure:3229: gcc    conftest.c  >&5
configure:3233: $? = 0
configure:3281: result: yes
configure:3284: checking for C compiler default output file name
configure:3286: result: a.out
configure:3292: checking for suffix of executables
configure:3299: gcc -o conftest    conftest.c  >&5
configure:3303: $? = 0
configure:3325: result: 
configure:3347: checking whether we are cross compiling
configure:3355: gcc -o conftest    conftest.c  >&5
configure:3359: $? = 0
configure:3366: ./conftest
configure:3370: $? = 0
configure:3385: result: no
configure:3390: checking for suffix of object files
configure:3412: gcc -c   conftest.c >&5
configure:3416: $? = 0
configure:3437: result: o
configure:3441: checking whether we are using the GNU C compiler
configure:3460: gcc -c   conftest.c >&5
configure:3460: $? = 0
configure:3469: result: yes
configure:3478: checking whether gcc accepts -g
configure:3498: gcc -c -g  conftest.c >&5
configure:3498: $? = 0
configure:3539: result: yes
configure:3556: checking for gcc option to accept ISO C89
configure:3619: gcc  -c -g -O2  conftest.c >&5
configure:3619: $? = 0
configure:3632: result: none needed
configure:3657: checking whether gcc understands -c and -o together
configure:3679: gcc -c conftest.c -o conftest2.o
configure:3682: $? = 0
configure:3679: gcc -c conftest.c -o conftest2.o
configure:3682: $? = 0
configure:3694: result: yes
configure:3714: checking whether make supports the include directive
configure:3729: make -f confmf.GNU && cat confinc.out
this is the am__doit target
configure:3732: $? = 0
configure:3751: result: yes (GNU style)
configure:3776: checking dependency style of gcc
configure:3887: result: gcc3
configure:3902: checking for gcc option to accept ISO C99
configure:4051: gcc  -c -g -O2  conftest.c >&5
configure:4051: $? = 0
configure:4064: result: none needed
configure:4133: checking for ar
configure:4149: found /usr/bin/ar
configure:4160: result: ar
configure:4186: checking the archiver (ar) interface
configure:4202: gcc -c -g -O2  conftest.c >&5
configure:4202: $? = 0
configure:4204: ar cru libconftest.a conftest.o >&5
ar: `u' modifier ignored since `D' is the default (see `U')
configure:4207: $? = 0
configure:4235: result: ar
configure:4303: checking how to print strings
configure:4330: result: printf
configure:4351: checking for a sed that does not truncate output
configure:4415: result: /usr/bin/sed
configure:4433: checking for grep that handles long lines and -e
configure:4491: result: /usr/bin/grep
configure:4496: checking for egrep
configure:4558: result: /usr/bin/grep -E
configure:4563: checking for fgrep
configure:4625: result: /usr/bin/grep -F
configure:4660: checking for ld used by gcc
configure:4727: result: /usr/bin/ld
configure:4734: checking if the linker (/usr/bin/ld) is GNU ld
configure:4749: result: yes
configure:4761: checking for BSD- or MS-compatible name lister (nm)
configure:4815: result: /usr/bin/nm -B
configure:4945: checking the name lister (/usr/bin/nm -B) interface
configure:4952: gcc -c -g -O2  conftest.c >&5
configure:4955: /usr/bin/nm -B "conftest.o"
configure:4958: output
0000000000000000 B some_variable
configure:4965: result: BSD nm
configure:4968: checking whether ln -s works
configure:4972: result: yes
configure:4980: checking the maximum length of command line arguments
configure:5111: result: 1572864
configure:5159: checking how to convert x86_64-pc-linux-gnu file names to x86_64-pc-linux-gnu format
configure:5199: result: func_convert_file_noop
configure:5206: checking how to convert x86_64-pc-linux-gnu file names to toolchain format
configure:5226: result: func_convert_file_noop
configure:5233: checking for /usr/bin/ld option to reload object files
configure:5240: result: -r
configure:5314: checking for objdump
configure:5330: found /usr/bin/objdump
configure:5341: result: objdump
configure:5373: checking how to recognize dependent libraries
configure:5573: result: pass_all
configure:5658: checking for dlltool
configure:5688: result: no
configure:5718: checking how to associate runtime and link libraries
configure:5745: result: printf %s\n
configure:5869: checking for archiver @FILE support
configure:5886: gcc -c -g -O2  conftest.c >&5
configure:5886: $? = 0
configure:5889: ar cr libconftest.a @conftest.lst >&5
configure:5892: $? = 0
configure:5897: ar cr libconftest.a @conftest.lst >&5
ar: conftest.o: No such file or directory
configure:5900: $? = 1
configure:5912: result: @
configure:5970: checking for strip
configure:5986: found /usr/bin/strip
configure:5997: result: strip
configure:6069: checking for ranlib
configure:6085: found /usr/bin/ranlib
configure:6096: result: ranlib
configure:6198: checking command to parse /usr/bin/nm -B output from gcc object
configure:6351: gcc -c -g -O2  conftest.c >&5
configure:6354: $? = 0
configure:6358: /usr/bin/nm -B conftest.o | sed -n -e 's/^.*[	 ]\([ABCDGIRSTW][ABCDGIRSTW]*\)[	 ][	 ]*\([_A-Za-z][_A-Za-z0-9]*\)$/\1 \2 \2/p' | sed '/ __gnu_lto/d' > conftest.nm
configure:6424: gcc -o conftest -g -O2   conftest.c conftstm.o >&5
configure:6427: $? = 0
configure:6465: result: ok
configure:6512: checking for sysroot
configure:6542: result: no
configure:6549: checking for a working dd
configure:6587: result: /usr/bin/dd
configure:6591: checking how to truncate binary pipes
configure:6606: result: /usr/bin/dd bs=4096 count=1
configure:6742: gcc -c -g -O2  conftest.c >&5
configure:6745: $? = 0
configure:6935: checking for mt
configure:6965: result: no
configure:6985: checking if : is a manifest tool
configure:6991: : '-?'
configure:6999: result: no
configure:7676: checking how to run the C preprocessor
configure:7707: gcc -E  conftest.c
configure:7707: $? = 0
configure:7721: gcc -E  conftest.c
conftest.c:11:10: fatal error: ac_nonexistent.h: No such file or directory
   11 | #include <ac_nonexistent.h>
      |          ^~~~~~~~~~~~~~~~~~
compilation terminated.
configure:7721: $? = 1
configure: failed program was:
| /* confdefs.h */
| #define PACKAGE_NAME "libjaylink"
| #define PACKAGE_TARNAME "libjaylink"
| #define PACKAGE_VERSION "0.2.0"
| #define PACKAGE_STRING "libjaylink 0.2.0"
| #define PACKAGE_BUGREPORT "dev@zapb.de"
| #define PACKAGE_URL "https://gitlab.zapb.de/libjaylink/libjaylink.git"
| #define PACKAGE "libjaylink"
| #define VERSION "0.2.0"
| /* end confdefs.h.  */
| #include <ac_nonexistent.h>
configure:7746: result: gcc -E
configure:7766: gcc -E  conftest.c
configure:7766: $? = 0
configure:7780: gcc -E  conftest.c
conftest.c:11:10: fatal error: ac_nonexistent.h: No such file or directory
   11 | #include <ac_nonexistent.h>
      |          ^~~~~~~~~~~~~~~~~~
compilation terminated.
configure:7780: $? = 1
configure: failed program was:
| /* confdefs.h */
| #define PACKAGE_NAME "libjaylink"
| #define PACKAGE_TARNAME "libjaylink"
| #define PACKAGE_VERSION "0.2.0"
| #define PACKAGE_STRING "libjaylink 0.2.0"
| #define PACKAGE_BUGREPORT "dev@zapb.de"
| #define PACKAGE_URL "https://gitlab.zapb.de/libjaylink/libjaylink.git"
| #define PACKAGE "libjaylink"
| #define VERSION "0.2.0"
| /* end confdefs.h.  */
| #include <ac_nonexistent.h>
configure:7809: checking for ANSI C header files
configure:7829: gcc -c -g -O2  conftest.c >&5
configure:7829: $? = 0
configure:7902: gcc -o conftest -g -O2   conftest.c  >&5
configure:7902: $? = 0
configure:7902: ./conftest
configure:7902: $? = 0
configure:7913: result: yes
configure:7926: checking for sys/types.h
configure:7926: gcc -c -g -O2  conftest.c >&5
configure:7926: $? = 0
configure:7926: result: yes
configure:7926: checking for sys/stat.h
configure:7926: gcc -c -g -O2  conftest.c >&5
configure:7926: $? = 0
configure:7926: result: yes
configure:7926: checking for stdlib.h
configure:7926: gcc -c -g -O2  conftest.c >&5
configure:7926: $? = 0
configure:7926: result: yes
configure:7926: checking for string.h
configure:7926: gcc -c -g -O2  conftest.c >&5
configure:7926: $? = 0
configure:7926: result: yes
configure:7926: checking for memory.h
configure:7926: gcc -c -g -O2  conftest.c >&5
configure:7926: $? = 0
configure:7926: result: yes
configure:7926: checking for strings.h
configure:7926: gcc -c -g -O2  conftest.c >&5
configure:7926: $? = 0
configure:7926: result: yes
configure:7926: checking for inttypes.h
configure:7926: gcc -c -g -O2  conftest.c >&5
configure:7926: $? = 0
configure:7926: result: yes
configure:7926: checking for stdint.h
configure:7926: gcc -c -g -O2  conftest.c >&5
configure:7926: $? = 0
configure:7926: result: yes
configure:7926: checking for unistd.h
configure:7926: gcc -c -g -O2  conftest.c >&5
configure:7926: $? = 0
configure:7926: result: yes
configure:7940: checking for dlfcn.h
configure:7940: gcc -c -g -O2  conftest.c >&5
configure:7940: $? = 0
configure:7940: result: yes
configure:8196: checking for objdir
configure:8211: result: .libs
configure:8475: checking if gcc supports -fno-rtti -fno-exceptions
configure:8493: gcc -c -g -O2  -fno-rtti -fno-exceptions conftest.c >&5
cc1: warning: command-line option '-fno-rtti' is valid for C++/D/ObjC++ but not for C
configure:8497: $? = 0
configure:8510: result: no
configure:8874: checking for gcc option to produce PIC
configure:8881: result: -fPIC -DPIC
configure:8889: checking if gcc PIC flag -fPIC -DPIC works
configure:8907: gcc -c -g -O2  -fPIC -DPIC -DPIC conftest.c >&5
configure:8911: $? = 0
configure:8924: result: yes
configure:8953: checking if gcc static flag -static works
configure:8981: result: yes
configure:8996: checking if gcc supports -c -o file.o
configure:9017: gcc -c -g -O2  -o out/conftest2.o conftest.c >&5
configure:9021: $? = 0
configure:9043: result: yes
configure:9051: checking if gcc supports -c -o file.o
configure:9098: result: yes
configure:9131: checking whether the gcc linker (/usr/bin/ld -m elf_x86_64) supports shared libraries
configure:10394: result: yes
configure:10431: checking whether -lc should be explicitly linked in
configure:10439: gcc -c -g -O2  conftest.c >&5
configure:10442: $? = 0
configure:10457: gcc -shared  -fPIC -DPIC conftest.o  -v -Wl,-soname -Wl,conftest -o conftest 2\>\&1 \| /usr/bin/grep  -lc  \>/dev/null 2\>\&1
configure:10460: $? = 0
configure:10474: result: no
configure:10634: checking dynamic linker characteristics
configure:11215: gcc -o conftest -g -O2   -Wl,-rpath -Wl,/foo conftest.c  >&5
configure:11215: $? = 0
configure:11464: result: GNU/Linux ld.so
configure:11586: checking how to hardcode library paths into programs
configure:11611: result: immediate
configure:12159: checking whether stripping libraries is possible
configure:12164: result: yes
configure:12199: checking if libtool supports shared libraries
configure:12201: result: yes
configure:12204: checking whether to build shared libraries
configure:12229: result: yes
configure:12232: checking whether to build static libraries
configure:12236: result: yes
configure:12329: checking for pkg-config
configure:12347: found /usr/bin/pkg-config
configure:12359: result: /usr/bin/pkg-config
configure:12384: checking pkg-config is at least version 0.9.0
configure:12387: result: yes
configure:12401: checking for libusb
configure:12408: $PKG_CONFIG --exists --print-errors "libusb-1.0 >= 1.0.16"
configure:12411: $? = 0
configure:12425: $PKG_CONFIG --exists --print-errors "libusb-1.0 >= 1.0.16"
configure:12428: $? = 0
configure:12466: result: yes
configure:12480: checking whether byte ordering is bigendian
configure:12495: gcc -c -g -O2  conftest.c >&5
conftest.c:24:16: error: unknown type name 'not'
   24 |                not a universal capable compiler
      |                ^~~
conftest.c:24:22: error: expected '=', ',', ';', 'asm' or '__attribute__' before 'universal'
   24 |                not a universal capable compiler
      |                      ^~~~~~~~~
conftest.c:24:22: error: unknown type name 'universal'
configure:12495: $? = 1
configure: failed program was:
| /* confdefs.h */
| #define PACKAGE_NAME "libjaylink"
| #define PACKAGE_TARNAME "libjaylink"
| #define PACKAGE_VERSION "0.2.0"
| #define PACKAGE_STRING "libjaylink 0.2.0"
| #define PACKAGE_BUGREPORT "dev@zapb.de"
| #define PACKAGE_URL "https://gitlab.zapb.de/libjaylink/libjaylink.git"
| #define PACKAGE "libjaylink"
| #define VERSION "0.2.0"
| #define STDC_HEADERS 1
| #define HAVE_SYS_TYPES_H 1
| #define HAVE_SYS_STAT_H 1
| #define HAVE_STDLIB_H 1
| #define HAVE_STRING_H 1
| #define HAVE_MEMORY_H 1
| #define HAVE_STRINGS_H 1
| #define HAVE_INTTYPES_H 1
| #define HAVE_STDINT_H 1
| #define HAVE_UNISTD_H 1
| #define HAVE_DLFCN_H 1
| #define LT_OBJDIR ".libs/"
| /* end confdefs.h.  */
| #ifndef __APPLE_CC__
| 	       not a universal capable compiler
| 	     #endif
| 	     typedef int dummy;
| 
configure:12540: gcc -c -g -O2  conftest.c >&5
configure:12540: $? = 0
configure:12558: gcc -c -g -O2  conftest.c >&5
conftest.c: In function 'main':
conftest.c:30:18: error: unknown type name 'not'; did you mean 'ino_t'?
   30 |                  not big endian
      |                  ^~~
      |                  ino_t
conftest.c:30:26: error: expected '=', ',', ';', 'asm' or '__attribute__' before 'endian'
   30 |                  not big endian
      |                          ^~~~~~
configure:12558: $? = 1
configure: failed program was:
| /* confdefs.h */
| #define PACKAGE_NAME "libjaylink"
| #define PACKAGE_TARNAME "libjaylink"
| #define PACKAGE_VERSION "0.2.0"
| #define PACKAGE_STRING "libjaylink 0.2.0"
| #define PACKAGE_BUGREPORT "dev@zapb.de"
| #define PACKAGE_URL "https://gitlab.zapb.de/libjaylink/libjaylink.git"
| #define PACKAGE "libjaylink"
| #define VERSION "0.2.0"
| #define STDC_HEADERS 1
| #define HAVE_SYS_TYPES_H 1
| #define HAVE_SYS_STAT_H 1
| #define HAVE_STDLIB_H 1
| #define HAVE_STRING_H 1
| #define HAVE_MEMORY_H 1
| #define HAVE_STRINGS_H 1
| #define HAVE_INTTYPES_H 1
| #define HAVE_STDINT_H 1
| #define HAVE_UNISTD_H 1
| #define HAVE_DLFCN_H 1
| #define LT_OBJDIR ".libs/"
| /* end confdefs.h.  */
| #include <sys/types.h>
| 		#include <sys/param.h>
| 
| int
| main ()
| {
| #if BYTE_ORDER != BIG_ENDIAN
| 		 not big endian
| 		#endif
| 
|   ;
|   return 0;
| }
configure:12686: result: no
configure:12956: checking that generated files are newer than configure
configure:12962: result: done
configure:12994: creating ./config.status

## ---------------------- ##
## Running config.status. ##
## ---------------------- ##

This file was extended by libjaylink config.status 0.2.0, which was
generated by GNU Autoconf 2.69.  Invocation command line was

  CONFIG_FILES    = 
  CONFIG_HEADERS  = 
  CONFIG_LINKS    = 
  CONFIG_COMMANDS = 
  $ ./config.status 

on Battle-Station

config.status:1112: creating Makefile
config.status:1112: creating libjaylink/Makefile
config.status:1112: creating libjaylink/version.h
config.status:1112: creating libjaylink.pc
config.status:1112: creating Doxyfile
config.status:1112: creating config.h
config.status:1293: config.h is unchanged
config.status:1341: executing depfiles commands
config.status:1418: cd libjaylink       && sed -e '/# am--include-marker/d' Makefile         | make -f - am--depfiles
make: Nothing to be done for 'am--depfiles'.
config.status:1423: $? = 0
config.status:1341: executing libtool commands

## ---------------- ##
## Cache variables. ##
## ---------------- ##

ac_cv_build=x86_64-pc-linux-gnu
ac_cv_c_bigendian=no
ac_cv_c_compiler_gnu=yes
ac_cv_env_CC_set=
ac_cv_env_CC_value=
ac_cv_env_CFLAGS_set=
ac_cv_env_CFLAGS_value=
ac_cv_env_CPPFLAGS_set=
ac_cv_env_CPPFLAGS_value=
ac_cv_env_CPP_set=
ac_cv_env_CPP_value=
ac_cv_env_LDFLAGS_set=
ac_cv_env_LDFLAGS_value=
ac_cv_env_LIBS_set=
ac_cv_env_LIBS_value=
ac_cv_env_LT_SYS_LIBRARY_PATH_set=
ac_cv_env_LT_SYS_LIBRARY_PATH_value=
ac_cv_env_PKG_CONFIG_LIBDIR_set=
ac_cv_env_PKG_CONFIG_LIBDIR_value=
ac_cv_env_PKG_CONFIG_PATH_set=
ac_cv_env_PKG_CONFIG_PATH_value=
ac_cv_env_PKG_CONFIG_set=
ac_cv_env_PKG_CONFIG_value=
ac_cv_env_build_alias_set=
ac_cv_env_build_alias_value=
ac_cv_env_host_alias_set=
ac_cv_env_host_alias_value=
ac_cv_env_libusb_CFLAGS_set=
ac_cv_env_libusb_CFLAGS_value=
ac_cv_env_libusb_LIBS_set=
ac_cv_env_libusb_LIBS_value=
ac_cv_env_target_alias_set=
ac_cv_env_target_alias_value=
ac_cv_header_dlfcn_h=yes
ac_cv_header_inttypes_h=yes
ac_cv_header_memory_h=yes
ac_cv_header_stdc=yes
ac_cv_header_stdint_h=yes
ac_cv_header_stdlib_h=yes
ac_cv_header_string_h=yes
ac_cv_header_strings_h=yes
ac_cv_header_sys_stat_h=yes
ac_cv_header_sys_types_h=yes
ac_cv_header_unistd_h=yes
ac_cv_host=x86_64-pc-linux-gnu
ac_cv_objext=o
ac_cv_path_EGREP='/usr/bin/grep -E'
ac_cv_path_FGREP='/usr/bin/grep -F'
ac_cv_path_GREP=/usr/bin/grep
ac_cv_path_SED=/usr/bin/sed
ac_cv_path_ac_pt_PKG_CONFIG=/usr/bin/pkg-config
ac_cv_path_install='/usr/bin/install -c'
ac_cv_path_lt_DD=/usr/bin/dd
ac_cv_path_mkdir=/usr/bin/mkdir
ac_cv_prog_AWK=gawk
ac_cv_prog_CPP='gcc -E'
ac_cv_prog_ac_ct_AR=ar
ac_cv_prog_ac_ct_CC=gcc
ac_cv_prog_ac_ct_OBJDUMP=objdump
ac_cv_prog_ac_ct_RANLIB=ranlib
ac_cv_prog_ac_ct_STRIP=strip
ac_cv_prog_cc_c89=
ac_cv_prog_cc_c99=
ac_cv_prog_cc_g=yes
ac_cv_prog_make_make_set=yes
am_cv_CC_dependencies_compiler_type=gcc3
am_cv_ar_interface=ar
am_cv_make_support_nested_variables=yes
am_cv_prog_cc_c_o=yes
lt_cv_ar_at_file=@
lt_cv_archive_cmds_need_lc=no
lt_cv_deplibs_check_method=pass_all
lt_cv_file_magic_cmd='$MAGIC_CMD'
lt_cv_file_magic_test_file=
lt_cv_ld_reload_flag=-r
lt_cv_nm_interface='BSD nm'
lt_cv_objdir=.libs
lt_cv_path_LD=/usr/bin/ld
lt_cv_path_NM='/usr/bin/nm -B'
lt_cv_path_mainfest_tool=no
lt_cv_prog_compiler_c_o=yes
lt_cv_prog_compiler_pic='-fPIC -DPIC'
lt_cv_prog_compiler_pic_works=yes
lt_cv_prog_compiler_rtti_exceptions=no
lt_cv_prog_compiler_static_works=yes
lt_cv_prog_gnu_ld=yes
lt_cv_sharedlib_from_linklib_cmd='printf %s\n'
lt_cv_shlibpath_overrides_runpath=no
lt_cv_sys_global_symbol_pipe='sed -n -e '\''s/^.*[	 ]\([ABCDGIRSTW][ABCDGIRSTW]*\)[	 ][	 ]*\([_A-Za-z][_A-Za-z0-9]*\)$/\1 \2 \2/p'\'' | sed '\''/ __gnu_lto/d'\'''
lt_cv_sys_global_symbol_to_c_name_address='sed -n -e '\''s/^: \(.*\) .*$/  {"\1", (void *) 0},/p'\'' -e '\''s/^[ABCDGIRSTW][ABCDGIRSTW]* .* \(.*\)$/  {"\1", (void *) \&\1},/p'\'''
lt_cv_sys_global_symbol_to_c_name_address_lib_prefix='sed -n -e '\''s/^: \(.*\) .*$/  {"\1", (void *) 0},/p'\'' -e '\''s/^[ABCDGIRSTW][ABCDGIRSTW]* .* \(lib.*\)$/  {"\1", (void *) \&\1},/p'\'' -e '\''s/^[ABCDGIRSTW][ABCDGIRSTW]* .* \(.*\)$/  {"lib\1", (void *) \&\1},/p'\'''
lt_cv_sys_global_symbol_to_cdecl='sed -n -e '\''s/^T .* \(.*\)$/extern int \1();/p'\'' -e '\''s/^[ABCDGIRSTW][ABCDGIRSTW]* .* \(.*\)$/extern char \1;/p'\'''
lt_cv_sys_global_symbol_to_import=
lt_cv_sys_max_cmd_len=1572864
lt_cv_to_host_file_cmd=func_convert_file_noop
lt_cv_to_tool_file_cmd=func_convert_file_noop
lt_cv_truncate_bin='/usr/bin/dd bs=4096 count=1'
pkg_cv_libusb_CFLAGS='-I/usr/include/libusb-1.0 '
pkg_cv_libusb_LIBS='-lusb-1.0 '

## ----------------- ##
## Output variables. ##
## ----------------- ##

ACLOCAL='${SHELL} /home/dposterick/Downloads/riscv-openocd-wch/src/jtag/drivers/libjaylink/build-aux/missing aclocal-1.16'
AMDEPBACKSLASH='\'
AMDEP_FALSE='#'
AMDEP_TRUE=''
AMTAR='$${TAR-tar}'
AM_BACKSLASH='\'
AM_DEFAULT_V='$(AM_DEFAULT_VERBOSITY)'
AM_DEFAULT_VERBOSITY='1'
AM_LIBTOOLFLAGS='--silent'
AM_V='$(V)'
AR='ar'
AUTOCONF='${SHELL} /home/dposterick/Downloads/riscv-openocd-wch/src/jtag/drivers/libjaylink/build-aux/missing autoconf'
AUTOHEADER='${SHELL} /home/dposterick/Downloads/riscv-openocd-wch/src/jtag/drivers/libjaylink/build-aux/missing autoheader'
AUTOMAKE='${SHELL} /home/dposterick/Downloads/riscv-openocd-wch/src/jtag/drivers/libjaylink/build-aux/missing automake-1.16'
AWK='gawk'
CC='gcc'
CCDEPMODE='depmode=gcc3'
CFLAGS='-g -O2'
CPP='gcc -E'
CPPFLAGS=''
CYGPATH_W='echo'
DEFS='-DHAVE_CONFIG_H'
DEPDIR='.deps'
DLLTOOL='false'
DSYMUTIL=''
DUMPBIN=''
ECHO_C=''
ECHO_N='-n'
ECHO_T=''
EGREP='/usr/bin/grep -E'
EXEEXT=''
FGREP='/usr/bin/grep -F'
GREP='/usr/bin/grep'
HAVE_LIBUSB_FALSE='#'
HAVE_LIBUSB_TRUE=''
INSTALL_DATA='${INSTALL} -m 644'
INSTALL_PROGRAM='${INSTALL}'
INSTALL_SCRIPT='${INSTALL}'
INSTALL_STRIP_PROGRAM='$(install_sh) -c -s'
JAYLINK_CFLAGS='-Wall -Wextra -Werror -fvisibility=hidden'
JAYLINK_LDFLAGS=''
JAYLINK_LIBS=''
JAYLINK_PKG_LIBS='libusb-1.0'
JAYLINK_VERSION_LIBRARY='1:0:1'
JAYLINK_VERSION_LIBRARY_AGE='1'
JAYLINK_VERSION_LIBRARY_CURRENT='1'
JAYLINK_VERSION_LIBRARY_REVISION='0'
JAYLINK_VERSION_PACKAGE='0.2.0'
JAYLINK_VERSION_PACKAGE_MAJOR='0'
JAYLINK_VERSION_PACKAGE_MICRO='0'
JAYLINK_VERSION_PACKAGE_MINOR='2'
LD='/usr/bin/ld -m elf_x86_64'
LDFLAGS=''
LIBOBJS=''
LIBS=''
LIBTOOL='$(SHELL) $(top_builddir)/libtool'
LIPO=''
LN_S='ln -s'
LTLIBOBJS=''
LT_SYS_LIBRARY_PATH=''
MAKEINFO='${SHELL} /home/dposterick/Downloads/riscv-openocd-wch/src/jtag/drivers/libjaylink/build-aux/missing makeinfo'
MANIFEST_TOOL=':'
MKDIR_P='/usr/bin/mkdir -p'
NM='/usr/bin/nm -B'
NMEDIT=''
OBJDUMP='objdump'
OBJEXT='o'
OTOOL64=''
OTOOL=''
PACKAGE='libjaylink'
PACKAGE_BUGREPORT='dev@zapb.de'
PACKAGE_NAME='libjaylink'
PACKAGE_STRING='libjaylink 0.2.0'
PACKAGE_TARNAME='libjaylink'
PACKAGE_URL='https://gitlab.zapb.de/libjaylink/libjaylink.git'
PACKAGE_VERSION='0.2.0'
PATH_SEPARATOR=':'
PKG_CONFIG='/usr/bin/pkg-config'
PKG_CONFIG_LIBDIR=''
PKG_CONFIG_PATH=''
RANLIB='ranlib'
SED='/usr/bin/sed'
SET_MAKE=''
SHELL='/bin/sh'
STRIP='strip'
SUBPROJECT_BUILD_FALSE='#'
SUBPROJECT_BUILD_TRUE=''
VERSION='0.2.0'
ac_ct_AR='ar'
ac_ct_CC='gcc'
ac_ct_DUMPBIN=''
am__EXEEXT_FALSE=''
am__EXEEXT_TRUE='#'
am__fastdepCC_FALSE='#'
am__fastdepCC_TRUE=''
am__include='include'
am__isrc=''
am__leading_dot='.'
am__nodep='_no'
am__quote=''
am__tar='$${TAR-tar} chof - "$$tardir"'
am__untar='$${TAR-tar} xf -'
bindir='${exec_prefix}/bin'
build='x86_64-pc-linux-gnu'
build_alias=''
build_cpu='x86_64'
build_os='linux-gnu'
build_vendor='pc'
datadir='${datarootdir}'
datarootdir='${prefix}/share'
docdir='${datarootdir}/doc/${PACKAGE_TARNAME}'
dvidir='${docdir}'
exec_prefix='${prefix}'
host='x86_64-pc-linux-gnu'
host_alias=''
host_cpu='x86_64'
host_os='linux-gnu'
host_vendor='pc'
htmldir='${docdir}'
includedir='${prefix}/include'
infodir='${datarootdir}/info'
install_sh='${SHELL} /home/dposterick/Downloads/riscv-openocd-wch/src/jtag/drivers/libjaylink/build-aux/install-sh'
libdir='${exec_prefix}/lib'
libexecdir='${exec_prefix}/libexec'
libusb_CFLAGS='-I/usr/include/libusb-1.0 '
libusb_LIBS='-lusb-1.0 '
localedir='${datarootdir}/locale'
localstatedir='${prefix}/var'
mandir='${datarootdir}/man'
mkdir_p='$(MKDIR_P)'
oldincludedir='/usr/include'
pdfdir='${docdir}'
prefix='/usr/local'
program_transform_name='s,x,x,'
psdir='${docdir}'
runstatedir='${localstatedir}/run'
sbindir='${exec_prefix}/sbin'
sharedstatedir='${prefix}/com'
sysconfdir='${prefix}/etc'
target_alias=''

## ----------- ##
## confdefs.h. ##
## ----------- ##

/* confdefs.h */
#define PACKAGE_NAME "libjaylink"
#define PACKAGE_TARNAME "libjaylink"
#define PACKAGE_VERSION "0.2.0"
#define PACKAGE_STRING "libjaylink 0.2.0"
#define PACKAGE_BUGREPORT "dev@zapb.de"
#define PACKAGE_URL "https://gitlab.zapb.de/libjaylink/libjaylink.git"
#define PACKAGE "libjaylink"
#define VERSION "0.2.0"
#define STDC_HEADERS 1
#define HAVE_SYS_TYPES_H 1
#define HAVE_SYS_STAT_H 1
#define HAVE_STDLIB_H 1
#define HAVE_STRING_H 1
#define HAVE_MEMORY_H 1
#define HAVE_STRINGS_H 1
#define HAVE_INTTYPES_H 1
#define HAVE_STDINT_H 1
#define HAVE_UNISTD_H 1
#define HAVE_DLFCN_H 1
#define LT_OBJDIR ".libs/"
#define HAVE_LIBUSB 1

configure: exit 0
